This is pdfTeX, Version 3.14159265-2.6-1.40.19 (TeX Live 2018) (preloaded format=pdflatex 2018.5.16)  3 MAR 2021 11:45
entering extended mode
 restricted \write18 enabled.
 file:line:error style messages enabled.
 %&-line parsing enabled.
**abst.tex
(./abst.tex
LaTeX2e <2018-04-01> patch level 2
Babel <3.18> and hyphenation patterns for 84 language(s) loaded.
(/usr/local/texlive/2018/texmf-dist/tex/latex/base/article.cls
Document Class: article 2014/09/29 v1.4h Standard LaTeX document class
(/usr/local/texlive/2018/texmf-dist/tex/latex/base/size12.clo
File: size12.clo 2014/09/29 v1.4h Standard LaTeX file (size option)
)
\c@part=\count80
\c@section=\count81
\c@subsection=\count82
\c@subsubsection=\count83
\c@paragraph=\count84
\c@subparagraph=\count85
\c@figure=\count86
\c@table=\count87
\abovecaptionskip=\skip41
\belowcaptionskip=\skip42
\bibindent=\dimen102
) (/usr/local/texlive/2018/texmf-dist/tex/latex/psnfss/times.sty
Package: times 2005/04/12 PSNFSS-v9.2a (SPQR) 
) (/usr/local/texlive/2018/texmf-dist/tex/platex/base/plext.sty

/usr/local/texlive/2018/texmf-dist/tex/platex/base/plext.sty:16: LaTeX Error: This file needs format `pLaTeX2e'
               but this is `LaTeX2e'.

See the LaTeX manual or LaTeX Companion for explanation.
Type  H <return>  for immediate help.
 ...                                              
                                                  
l.16 \NeedsTeXFormat{pLaTeX2e}
                              
The current input file will not be processed further,
because it was written for some other flavor of TeX.
You're in trouble here.  Try typing  <return>  to proceed.
If that doesn't work, type  X <return>  to quit.

) (/usr/local/texlive/2018/texmf-dist/tex/latex/cite/cite.sty
LaTeX Info: Redefining \cite on input line 302.
LaTeX Info: Redefining \nocite on input line 332.
Package: cite 2015/02/27  v 5.5
) (/usr/local/texlive/2018/texmf-dist/tex/latex/setspace/setspace.sty
Package: setspace 2011/12/19 v6.7a set line spacing
) (/usr/local/texlive/2018/texmf-dist/tex/latex/float/float.sty
Package: float 2001/11/08 v1.3d Float enhancements (AL)
\c@float@type=\count88
\float@exts=\toks14
\float@box=\box26
\@float@everytoks=\toks15
\@floatcapt=\box27
) (/usr/local/texlive/2018/texmf-dist/tex/latex/lineno/lineno.sty
Package: lineno 2005/11/02 line numbers on paragraphs v4.41
\linenopenalty=\count89
\output=\toks16
\linenoprevgraf=\count90
\linenumbersep=\dimen103
\linenumberwidth=\dimen104
\c@linenumber=\count91
\c@pagewiselinenumber=\count92
\c@LN@truepage=\count93
\c@internallinenumber=\count94
\c@internallinenumbers=\count95
\quotelinenumbersep=\dimen105
\bframerule=\dimen106
\bframesep=\dimen107
\bframebox=\box28
LaTeX Info: Redefining \\ on input line 3056.
) (/usr/local/texlive/2018/texmf-dist/tex/latex/graphics/color.sty
Package: color 2016/07/10 v1.1e Standard LaTeX Color (DPC)
 (/usr/local/texlive/2018/texmf-dist/tex/latex/graphics-cfg/color.cfg
File: color.cfg 2016/01/02 v1.6 sample color configuration
)
Package color Info: Driver file: pdftex.def on input line 147.
 (/usr/local/texlive/2018/texmf-dist/tex/latex/graphics-def/pdftex.def
File: pdftex.def 2018/01/08 v1.0l Graphics/color driver for pdftex
)) (/usr/local/texlive/2018/texmf-dist/tex/latex/graphics/graphicx.sty
Package: graphicx 2017/06/01 v1.1a Enhanced LaTeX Graphics (DPC,SPQR)
 (/usr/local/texlive/2018/texmf-dist/tex/latex/graphics/keyval.sty
Package: keyval 2014/10/28 v1.15 key=value parser (DPC)
\KV@toks@=\toks17
) (/usr/local/texlive/2018/texmf-dist/tex/latex/graphics/graphics.sty
Package: graphics 2017/06/25 v1.2c Standard LaTeX Graphics (DPC,SPQR)
 (/usr/local/texlive/2018/texmf-dist/tex/latex/graphics/trig.sty
Package: trig 2016/01/03 v1.10 sin cos tan (DPC)
) (/usr/local/texlive/2018/texmf-dist/tex/latex/graphics-cfg/graphics.cfg
File: graphics.cfg 2016/06/04 v1.11 sample graphics configuration
)
Package graphics Info: Driver file: dvipdfmx.def on input line 99.
 (/usr/local/texlive/2018/texmf-dist/tex/latex/graphics-def/dvipdfmx.def
File: dvipdfmx.def 2017/06/24 v5.0g Graphics/color driver for dvipdfmx
))
\Gin@req@height=\dimen108
\Gin@req@width=\dimen109
) (/usr/local/texlive/2018/texmf-dist/tex/latex/tools/array.sty
Package: array 2018/04/07 v2.4g Tabular extension package (FMi)
\col@sep=\dimen110
\ar@mcellbox=\box29
\extrarowheight=\dimen111
\NC@list=\toks18
\extratabsurround=\skip43
\backup@length=\skip44
\ar@cellbox=\box30
)
(/usr/local/texlive/2018/texmf-dist/tex/latex/booktabs/booktabs.sty
Package: booktabs 2016/04/27 v1.618033 publication quality tables
\heavyrulewidth=\dimen112
\lightrulewidth=\dimen113
\cmidrulewidth=\dimen114
\belowrulesep=\dimen115
\belowbottomsep=\dimen116
\aboverulesep=\dimen117
\abovetopsep=\dimen118
\cmidrulesep=\dimen119
\cmidrulekern=\dimen120
\defaultaddspace=\dimen121
\@cmidla=\count96
\@cmidlb=\count97
\@aboverulesep=\dimen122
\@belowrulesep=\dimen123
\@thisruleclass=\count98
\@lastruleclass=\count99
\@thisrulewidth=\dimen124
) (/usr/local/texlive/2018/texmf-dist/tex/latex/geometry/geometry.sty
Package: geometry 2018/03/24 v5.7 Page Geometry
 (/usr/local/texlive/2018/texmf-dist/tex/generic/oberdiek/ifpdf.sty
Package: ifpdf 2017/03/15 v3.2 Provides the ifpdf switch
) (/usr/local/texlive/2018/texmf-dist/tex/generic/oberdiek/ifvtex.sty
Package: ifvtex 2016/05/16 v1.6 Detect VTeX and its facilities (HO)
Package ifvtex Info: VTeX not detected.
) (/usr/local/texlive/2018/texmf-dist/tex/generic/ifxetex/ifxetex.sty
Package: ifxetex 2010/09/12 v0.6 Provides ifxetex conditional
)
\Gm@cnth=\count100
\Gm@cntv=\count101
\c@Gm@tempcnt=\count102
\Gm@bindingoffset=\dimen125
\Gm@wd@mp=\dimen126
\Gm@odd@mp=\dimen127
\Gm@even@mp=\dimen128
\Gm@layoutwidth=\dimen129
\Gm@layoutheight=\dimen130
\Gm@layouthoffset=\dimen131
\Gm@layoutvoffset=\dimen132
\Gm@dimlist=\toks19
) (/usr/local/texlive/2018/texmf-dist/tex/latex/threeparttable/threeparttable.sty
Package: threeparttable 2003/06/13  v 3.0
\@tempboxb=\box31
) (/usr/local/texlive/2018/texmf-dist/tex/generic/ulem/ulem.sty
\UL@box=\box32
\UL@hyphenbox=\box33
\UL@skip=\skip45
\UL@hook=\toks20
\UL@height=\dimen133
\UL@pe=\count103
\UL@pixel=\dimen134
\ULC@box=\box34
Package: ulem 2012/05/18
\ULdepth=\dimen135
) (./abst.aux)
\openout1 = `abst.aux'.

LaTeX Font Info:    Checking defaults for OML/cmm/m/it on input line 17.
LaTeX Font Info:    ... okay on input line 17.
LaTeX Font Info:    Checking defaults for T1/cmr/m/n on input line 17.
LaTeX Font Info:    ... okay on input line 17.
LaTeX Font Info:    Checking defaults for OT1/cmr/m/n on input line 17.
LaTeX Font Info:    ... okay on input line 17.
LaTeX Font Info:    Checking defaults for OMS/cmsy/m/n on input line 17.
LaTeX Font Info:    ... okay on input line 17.
LaTeX Font Info:    Checking defaults for OMX/cmex/m/n on input line 17.
LaTeX Font Info:    ... okay on input line 17.
LaTeX Font Info:    Checking defaults for U/cmr/m/n on input line 17.
LaTeX Font Info:    ... okay on input line 17.
LaTeX Font Info:    Try loading font information for OT1+ptm on input line 17.
 (/usr/local/texlive/2018/texmf-dist/tex/latex/psnfss/ot1ptm.fd
File: ot1ptm.fd 2001/06/04 font definitions for OT1/ptm.
) (/usr/local/texlive/2018/texmf-dist/tex/context/base/mkii/supp-pdf.mkii
[Loading MPS to PDF converter (version 2006.09.02).]
\scratchcounter=\count104
\scratchdimen=\dimen136
\scratchbox=\box35
\nofMPsegments=\count105
\nofMParguments=\count106
\everyMPshowfont=\toks21
\MPscratchCnt=\count107
\MPscratchDim=\dimen137
\MPnumerator=\count108
\makeMPintoPDFobject=\count109
\everyMPtoPDFconversion=\toks22
) (/usr/local/texlive/2018/texmf-dist/tex/latex/oberdiek/epstopdf-base.sty
Package: epstopdf-base 2016/05/15 v2.6 Base part for package epstopdf
 (/usr/local/texlive/2018/texmf-dist/tex/generic/oberdiek/infwarerr.sty
Package: infwarerr 2016/05/16 v1.4 Providing info/warning/error messages (HO)
) (/usr/local/texlive/2018/texmf-dist/tex/latex/oberdiek/grfext.sty
Package: grfext 2016/05/16 v1.2 Manage graphics extensions (HO)
 (/usr/local/texlive/2018/texmf-dist/tex/generic/oberdiek/kvdefinekeys.sty
Package: kvdefinekeys 2016/05/16 v1.4 Define keys (HO)
 (/usr/local/texlive/2018/texmf-dist/tex/generic/oberdiek/ltxcmds.sty
Package: ltxcmds 2016/05/16 v1.23 LaTeX kernel commands for general use (HO)
))) (/usr/local/texlive/2018/texmf-dist/tex/latex/oberdiek/kvoptions.sty
Package: kvoptions 2016/05/16 v3.12 Key value format for package options (HO)
 (/usr/local/texlive/2018/texmf-dist/tex/generic/oberdiek/kvsetkeys.sty
Package: kvsetkeys 2016/05/16 v1.17 Key value parser (HO)
 (/usr/local/texlive/2018/texmf-dist/tex/generic/oberdiek/etexcmds.sty
Package: etexcmds 2016/05/16 v1.6 Avoid name clashes with e-TeX commands (HO)
 (/usr/local/texlive/2018/texmf-dist/tex/generic/oberdiek/ifluatex.sty
Package: ifluatex 2016/05/16 v1.4 Provides the ifluatex switch (HO)
Package ifluatex Info: LuaTeX not detected.
)
Package etexcmds Info: Could not find \expanded.
(etexcmds)             That can mean that you are not using pdfTeX 1.50 or
(etexcmds)             that some package has redefined \expanded.
(etexcmds)             In the latter case, load this package earlier.
))) (/usr/local/texlive/2018/texmf-dist/tex/generic/oberdiek/pdftexcmds.sty
Package: pdftexcmds 2018/01/30 v0.27 Utility functions of pdfTeX for LuaTeX (HO)
Package pdftexcmds Info: LuaTeX not detected.
Package pdftexcmds Info: \pdf@primitive is available.
Package pdftexcmds Info: \pdf@ifprimitive is available.
Package pdftexcmds Info: \pdfdraftmode found.
)

Package epstopdf Warning: Drivers other than `pdftex' and `luatex' are not supported.

)
*geometry* driver: auto-detecting
*geometry* detected driver: pdftex
*geometry* verbose mode - [ preamble ] result:
* driver: pdftex
* paper: <default>
* layout: <same size as paper>
* layoutoffset:(h,v)=(0.0pt,0.0pt)
* modes: 
* h-part:(L,W,R)=(85.35826pt, 443.57848pt, 85.35826pt)
* v-part:(T,H,B)=(71.13188pt, 652.70622pt, 71.13188pt)
* \paperwidth=614.295pt
* \paperheight=794.96999pt
* \textwidth=443.57848pt
* \textheight=652.70622pt
* \oddsidemargin=13.08827pt
* \evensidemargin=13.08827pt
* \topmargin=-38.1381pt
* \headheight=12.0pt
* \headsep=25.0pt
* \topskip=12.0pt
* \footskip=30.0pt
* \marginparwidth=44.0pt
* \marginparsep=10.0pt
* \columnsep=10.0pt
* \skip\footins=10.8pt plus 4.0pt minus 2.0pt
* \hoffset=0.0pt
* \voffset=0.0pt
* \mag=1000
* \@twocolumnfalse
* \@twosidefalse
* \@mparswitchfalse
* \@reversemarginfalse
* (1in=72.27pt=25.4mm, 1cm=28.453pt)

LaTeX Font Info:    Font shape `OT1/ptm/bx/n' in size <12> not available
(Font)              Font shape `OT1/ptm/b/n' tried instead on input line 21.

./abst.tex:21: Package inputenc Error: Unicode character å¹´ (U+5E74)
(inputenc)                not set up for use with LaTeX.

See the inputenc package documentation for explanation.
Type  H <return>  for immediate help.
 ...                                              
                                                  
l.21 ...tbf{2020å¹´åº•é­šé¡ç¾å­˜é‡èª¿æŸ»çµæœ}
                                                  }\\
You may provide a definition with
\DeclareUnicodeCharacter 


./abst.tex:21: Package inputenc Error: Unicode character åº• (U+5E95)
(inputenc)                not set up for use with LaTeX.

See the inputenc package documentation for explanation.
Type  H <return>  for immediate help.
 ...                                              
                                                  
l.21 ...tbf{2020å¹´åº•é­šé¡ç¾å­˜é‡èª¿æŸ»çµæœ}
                                                  }\\
You may provide a definition with
\DeclareUnicodeCharacter 


./abst.tex:21: Package inputenc Error: Unicode character é­š (U+9B5A)
(inputenc)                not set up for use with LaTeX.

See the inputenc package documentation for explanation.
Type  H <return>  for immediate help.
 ...                                              
                                                  
l.21 ...tbf{2020å¹´åº•é­šé¡ç¾å­˜é‡èª¿æŸ»çµæœ}
                                                  }\\
You may provide a definition with
\DeclareUnicodeCharacter 


./abst.tex:21: Package inputenc Error: Unicode character é¡ (U+985E)
(inputenc)                not set up for use with LaTeX.

See the inputenc package documentation for explanation.
Type  H <return>  for immediate help.
 ...                                              
                                                  
l.21 ...tbf{2020å¹´åº•é­šé¡ç¾å­˜é‡èª¿æŸ»çµæœ}
                                                  }\\
You may provide a definition with
\DeclareUnicodeCharacter 


./abst.tex:21: Package inputenc Error: Unicode character ç¾ (U+73FE)
(inputenc)                not set up for use with LaTeX.

See the inputenc package documentation for explanation.
Type  H <return>  for immediate help.
 ...                                              
                                                  
l.21 ...tbf{2020å¹´åº•é­šé¡ç¾å­˜é‡èª¿æŸ»çµæœ}
                                                  }\\
You may provide a definition with
\DeclareUnicodeCharacter 


./abst.tex:21: Package inputenc Error: Unicode character å­˜ (U+5B58)
(inputenc)                not set up for use with LaTeX.

See the inputenc package documentation for explanation.
Type  H <return>  for immediate help.
 ...                                              
                                                  
l.21 ...tbf{2020å¹´åº•é­šé¡ç¾å­˜é‡èª¿æŸ»çµæœ}
                                                  }\\
You may provide a definition with
\DeclareUnicodeCharacter 


./abst.tex:21: Package inputenc Error: Unicode character é‡ (U+91CF)
(inputenc)                not set up for use with LaTeX.

See the inputenc package documentation for explanation.
Type  H <return>  for immediate help.
 ...                                              
                                                  
l.21 ...tbf{2020å¹´åº•é­šé¡ç¾å­˜é‡èª¿æŸ»çµæœ}
                                                  }\\
You may provide a definition with
\DeclareUnicodeCharacter 


./abst.tex:21: Package inputenc Error: Unicode character èª¿ (U+8ABF)
(inputenc)                not set up for use with LaTeX.

See the inputenc package documentation for explanation.
Type  H <return>  for immediate help.
 ...                                              
                                                  
l.21 ...tbf{2020å¹´åº•é­šé¡ç¾å­˜é‡èª¿æŸ»çµæœ}
                                                  }\\
You may provide a definition with
\DeclareUnicodeCharacter 


./abst.tex:21: Package inputenc Error: Unicode character æŸ» (U+67FB)
(inputenc)                not set up for use with LaTeX.

See the inputenc package documentation for explanation.
Type  H <return>  for immediate help.
 ...                                              
                                                  
l.21 ...tbf{2020å¹´åº•é­šé¡ç¾å­˜é‡èª¿æŸ»çµæœ}
                                                  }\\
You may provide a definition with
\DeclareUnicodeCharacter 


./abst.tex:21: Package inputenc Error: Unicode character çµ (U+7D50)
(inputenc)                not set up for use with LaTeX.

See the inputenc package documentation for explanation.
Type  H <return>  for immediate help.
 ...                                              
                                                  
l.21 ...tbf{2020å¹´åº•é­šé¡ç¾å­˜é‡èª¿æŸ»çµæœ}
                                                  }\\
You may provide a definition with
\DeclareUnicodeCharacter 


./abst.tex:21: Package inputenc Error: Unicode character æœ (U+679C)
(inputenc)                not set up for use with LaTeX.

See the inputenc package documentation for explanation.
Type  H <return>  for immediate help.
 ...                                              
                                                  
l.21 ...tbf{2020å¹´åº•é­šé¡ç¾å­˜é‡èª¿æŸ»çµæœ}
                                                  }\\
You may provide a definition with
\DeclareUnicodeCharacter 


./abst.tex:22: Package inputenc Error: Unicode character é‡‘ (U+91D1)
(inputenc)                not set up for use with LaTeX.

See the inputenc package documentation for explanation.
Type  H <return>  for immediate help.
 ...                                              
                                                  
l.22 \flushright{é‡‘
                    æ£®ç”±å¦ƒãƒ»æˆæ¾åº¸äºŒãƒ»éˆ´æœ¨å‹‡äººãƒ»æ£®å·è‹±ç¥ãƒ...
You may provide a definition with
\DeclareUnicodeCharacter 


./abst.tex:22: Package inputenc Error: Unicode character æ£® (U+68EE)
(inputenc)                not set up for use with LaTeX.

See the inputenc package documentation for explanation.
Type  H <return>  for immediate help.
 ...                                              
                                                  
l.22 \flushright{é‡‘æ£®
                       ç”±å¦ƒãƒ»æˆæ¾åº¸äºŒãƒ»éˆ´æœ¨å‹‡äººãƒ»æ£®å·è‹±ç¥ãƒ...
You may provide a definition with
\DeclareUnicodeCharacter 


./abst.tex:22: Package inputenc Error: Unicode character ç”± (U+7531)
(inputenc)                not set up for use with LaTeX.

See the inputenc package documentation for explanation.
Type  H <return>  for immediate help.
 ...                                              
                                                  
l.22 \flushright{é‡‘æ£®ç”±
                          å¦ƒãƒ»æˆæ¾åº¸äºŒãƒ»éˆ´æœ¨å‹‡äººãƒ»æ£®å·è‹±ç¥ãƒ...
You may provide a definition with
\DeclareUnicodeCharacter 


./abst.tex:22: Package inputenc Error: Unicode character å¦ƒ (U+5983)
(inputenc)                not set up for use with LaTeX.

See the inputenc package documentation for explanation.
Type  H <return>  for immediate help.
 ...                                              
                                                  
l.22 \flushright{é‡‘æ£®ç”±å¦ƒ
                             ãƒ»æˆæ¾åº¸äºŒãƒ»éˆ´æœ¨å‹‡äººãƒ»æ£®å·è‹±ç¥ãƒ...
You may provide a definition with
\DeclareUnicodeCharacter 


./abst.tex:22: Package inputenc Error: Unicode character ãƒ» (U+30FB)
(inputenc)                not set up for use with LaTeX.

See the inputenc package documentation for explanation.
Type  H <return>  for immediate help.
 ...                                              
                                                  
l.22 \flushright{é‡‘æ£®ç”±å¦ƒãƒ»
                                æˆæ¾åº¸äºŒãƒ»éˆ´æœ¨å‹‡äººãƒ»æ£®å·è‹±ç¥ãƒ...
You may provide a definition with
\DeclareUnicodeCharacter 


./abst.tex:22: Package inputenc Error: Unicode character æˆ (U+6210)
(inputenc)                not set up for use with LaTeX.

See the inputenc package documentation for explanation.
Type  H <return>  for immediate help.
 ...                                              
                                                  
l.22 \flushright{é‡‘æ£®ç”±å¦ƒãƒ»æˆ
                                   æ¾åº¸äºŒãƒ»éˆ´æœ¨å‹‡äººãƒ»æ£®å·è‹±ç¥ãƒ...
You may provide a definition with
\DeclareUnicodeCharacter 


./abst.tex:22: Package inputenc Error: Unicode character æ¾ (U+677E)
(inputenc)                not set up for use with LaTeX.

See the inputenc package documentation for explanation.
Type  H <return>  for immediate help.
 ...                                              
                                                  
l.22 \flushright{é‡‘æ£®ç”±å¦ƒãƒ»æˆæ¾
                                      åº¸äºŒãƒ»éˆ´æœ¨å‹‡äººãƒ»æ£®å·è‹±ç¥ãƒ...
You may provide a definition with
\DeclareUnicodeCharacter 


./abst.tex:22: Package inputenc Error: Unicode character åº¸ (U+5EB8)
(inputenc)                not set up for use with LaTeX.

See the inputenc package documentation for explanation.
Type  H <return>  for immediate help.
 ...                                              
                                                  
l.22 \flushright{é‡‘æ£®ç”±å¦ƒãƒ»æˆæ¾åº¸
                                         äºŒãƒ»éˆ´æœ¨å‹‡äººãƒ»æ£®å·è‹±ç¥ãƒ...
You may provide a definition with
\DeclareUnicodeCharacter 


./abst.tex:22: Package inputenc Error: Unicode character äºŒ (U+4E8C)
(inputenc)                not set up for use with LaTeX.

See the inputenc package documentation for explanation.
Type  H <return>  for immediate help.
 ...                                              
                                                  
l.22 \flushright{é‡‘æ£®ç”±å¦ƒãƒ»æˆæ¾åº¸äºŒ
                                            ãƒ»éˆ´æœ¨å‹‡äººãƒ»æ£®å·è‹±ç¥ãƒ...
You may provide a definition with
\DeclareUnicodeCharacter 


./abst.tex:22: Package inputenc Error: Unicode character ãƒ» (U+30FB)
(inputenc)                not set up for use with LaTeX.

See the inputenc package documentation for explanation.
Type  H <return>  for immediate help.
 ...                                              
                                                  
l.22 \flushright{é‡‘æ£®ç”±å¦ƒãƒ»æˆæ¾åº¸äºŒãƒ»
                                               éˆ´æœ¨å‹‡äººãƒ»æ£®å·è‹±ç¥ãƒ...
You may provide a definition with
\DeclareUnicodeCharacter 


./abst.tex:22: Package inputenc Error: Unicode character éˆ´ (U+9234)
(inputenc)                not set up for use with LaTeX.

See the inputenc package documentation for explanation.
Type  H <return>  for immediate help.
 ...                                              
                                                  
l.22 \flushright{é‡‘æ£®ç”±å¦ƒãƒ»æˆæ¾åº¸äºŒãƒ»éˆ´
                                                  æœ¨å‹‡äººãƒ»æ£®å·è‹±ç¥ãƒ...
You may provide a definition with
\DeclareUnicodeCharacter 


./abst.tex:22: Package inputenc Error: Unicode character æœ¨ (U+6728)
(inputenc)                not set up for use with LaTeX.

See the inputenc package documentation for explanation.
Type  H <return>  for immediate help.
 ...                                              
                                                  
l.22 ...right{é‡‘æ£®ç”±å¦ƒãƒ»æˆæ¾åº¸äºŒãƒ»éˆ´æœ¨
                                                  å‹‡äººãƒ»æ£®å·è‹±ç¥ãƒ»æ™...
You may provide a definition with
\DeclareUnicodeCharacter 


./abst.tex:22: Package inputenc Error: Unicode character å‹‡ (U+52C7)
(inputenc)                not set up for use with LaTeX.

See the inputenc package documentation for explanation.
Type  H <return>  for immediate help.
 ...                                              
                                                  
l.22 ...ht{é‡‘æ£®ç”±å¦ƒãƒ»æˆæ¾åº¸äºŒãƒ»éˆ´æœ¨å‹‡
                                                  äººãƒ»æ£®å·è‹±ç¥ãƒ»æ™‚å²...
You may provide a definition with
\DeclareUnicodeCharacter 


./abst.tex:22: Package inputenc Error: Unicode character äºº (U+4EBA)
(inputenc)                not set up for use with LaTeX.

See the inputenc package documentation for explanation.
Type  H <return>  for immediate help.
 ...                                              
                                                  
l.22 ...é‡‘æ£®ç”±å¦ƒãƒ»æˆæ¾åº¸äºŒãƒ»éˆ´æœ¨å‹‡äºº
                                                  ãƒ»æ£®å·è‹±ç¥ãƒ»æ™‚å²¡ã€...
You may provide a definition with
\DeclareUnicodeCharacter 


./abst.tex:22: Package inputenc Error: Unicode character ãƒ» (U+30FB)
(inputenc)                not set up for use with LaTeX.

See the inputenc package documentation for explanation.
Type  H <return>  for immediate help.
 ...                                              
                                                  
l.22 ...æ£®ç”±å¦ƒãƒ»æˆæ¾åº¸äºŒãƒ»éˆ´æœ¨å‹‡äººãƒ»
                                                  æ£®å·è‹±ç¥ãƒ»æ™‚å²¡ã€€é§...
You may provide a definition with
\DeclareUnicodeCharacter 


./abst.tex:22: Package inputenc Error: Unicode character æ£® (U+68EE)
(inputenc)                not set up for use with LaTeX.

See the inputenc package documentation for explanation.
Type  H <return>  for immediate help.
 ...                                              
                                                  
l.22 ...ç”±å¦ƒãƒ»æˆæ¾åº¸äºŒãƒ»éˆ´æœ¨å‹‡äººãƒ»æ£®
                                                  å·è‹±ç¥ãƒ»æ™‚å²¡ã€€é§¿ãƒ...
You may provide a definition with
\DeclareUnicodeCharacter 


./abst.tex:22: Package inputenc Error: Unicode character å· (U+5DDD)
(inputenc)                not set up for use with LaTeX.

See the inputenc package documentation for explanation.
Type  H <return>  for immediate help.
 ...                                              
                                                  
l.22 ...å¦ƒãƒ»æˆæ¾åº¸äºŒãƒ»éˆ´æœ¨å‹‡äººãƒ»æ£®å·
                                                  è‹±ç¥ãƒ»æ™‚å²¡ã€€é§¿ãƒ»ä¸...
You may provide a definition with
\DeclareUnicodeCharacter 


./abst.tex:22: Package inputenc Error: Unicode character è‹± (U+82F1)
(inputenc)                not set up for use with LaTeX.

See the inputenc package documentation for explanation.
Type  H <return>  for immediate help.
 ...                                              
                                                  
l.22 ...ãƒ»æˆæ¾åº¸äºŒãƒ»éˆ´æœ¨å‹‡äººãƒ»æ£®å·è‹±
                                                  ç¥ãƒ»æ™‚å²¡ã€€é§¿ãƒ»ä¸‰æ¾...
You may provide a definition with
\DeclareUnicodeCharacter 


./abst.tex:22: Package inputenc Error: Unicode character ç¥ (U+7950)
(inputenc)                not set up for use with LaTeX.

See the inputenc package documentation for explanation.
Type  H <return>  for immediate help.
 ...                                              
                                                  
l.22 ...æˆæ¾åº¸äºŒãƒ»éˆ´æœ¨å‹‡äººãƒ»æ£®å·è‹±ç¥
                                                  ãƒ»æ™‚å²¡ã€€é§¿ãƒ»ä¸‰æ¾¤ã€...
You may provide a definition with
\DeclareUnicodeCharacter 


./abst.tex:22: Package inputenc Error: Unicode character ãƒ» (U+30FB)
(inputenc)                not set up for use with LaTeX.

See the inputenc package documentation for explanation.
Type  H <return>  for immediate help.
 ...                                              
                                                  
l.22 ...æ¾åº¸äºŒãƒ»éˆ´æœ¨å‹‡äººãƒ»æ£®å·è‹±ç¥ãƒ»
                                                  æ™‚å²¡ã€€é§¿ãƒ»ä¸‰æ¾¤ã€€é...
You may provide a definition with
\DeclareUnicodeCharacter 


./abst.tex:22: Package inputenc Error: Unicode character æ™‚ (U+6642)
(inputenc)                not set up for use with LaTeX.

See the inputenc package documentation for explanation.
Type  H <return>  for immediate help.
 ...                                              
                                                  
l.22 ...åº¸äºŒãƒ»éˆ´æœ¨å‹‡äººãƒ»æ£®å·è‹±ç¥ãƒ»æ™‚
                                                  å²¡ã€€é§¿ãƒ»ä¸‰æ¾¤ã€€é¼ãƒ...
You may provide a definition with
\DeclareUnicodeCharacter 


./abst.tex:22: Package inputenc Error: Unicode character å²¡ (U+5CA1)
(inputenc)                not set up for use with LaTeX.

See the inputenc package documentation for explanation.
Type  H <return>  for immediate help.
 ...                                              
                                                  
l.22 ...äºŒãƒ»éˆ´æœ¨å‹‡äººãƒ»æ£®å·è‹±ç¥ãƒ»æ™‚å²¡
                                                  ã€€é§¿ãƒ»ä¸‰æ¾¤ã€€é¼ãƒ»æ°...
You may provide a definition with
\DeclareUnicodeCharacter 


./abst.tex:22: Package inputenc Error: Unicode character ã€€ (U+3000)
(inputenc)                not set up for use with LaTeX.

See the inputenc package documentation for explanation.
Type  H <return>  for immediate help.
 ...                                              
                                                  
l.22 ...ãƒ»éˆ´æœ¨å‹‡äººãƒ»æ£®å·è‹±ç¥ãƒ»æ™‚å²¡ã€€
                                                  é§¿ãƒ»ä¸‰æ¾¤ã€€é¼ãƒ»æ°¸å°...
You may provide a definition with
\DeclareUnicodeCharacter 


./abst.tex:22: Package inputenc Error: Unicode character é§¿ (U+99FF)
(inputenc)                not set up for use with LaTeX.

See the inputenc package documentation for explanation.
Type  H <return>  for immediate help.
 ...                                              
                                                  
l.22 ...éˆ´æœ¨å‹‡äººãƒ»æ£®å·è‹±ç¥ãƒ»æ™‚å²¡ã€€é§¿
                                                  ãƒ»ä¸‰æ¾¤ã€€é¼ãƒ»æ°¸å°¾æ¬...
You may provide a definition with
\DeclareUnicodeCharacter 


./abst.tex:22: Package inputenc Error: Unicode character ãƒ» (U+30FB)
(inputenc)                not set up for use with LaTeX.

See the inputenc package documentation for explanation.
Type  H <return>  for immediate help.
 ...                                              
                                                  
l.22 ...æœ¨å‹‡äººãƒ»æ£®å·è‹±ç¥ãƒ»æ™‚å²¡ã€€é§¿ãƒ»
                                                  ä¸‰æ¾¤ã€€é¼ãƒ»æ°¸å°¾æ¬¡éƒ...
You may provide a definition with
\DeclareUnicodeCharacter 


./abst.tex:22: Package inputenc Error: Unicode character ä¸‰ (U+4E09)
(inputenc)                not set up for use with LaTeX.

See the inputenc package documentation for explanation.
Type  H <return>  for immediate help.
 ...                                              
                                                  
l.22 ...å‹‡äººãƒ»æ£®å·è‹±ç¥ãƒ»æ™‚å²¡ã€€é§¿ãƒ»ä¸‰
                                                  æ¾¤ã€€é¼ãƒ»æ°¸å°¾æ¬¡éƒï¼...
You may provide a definition with
\DeclareUnicodeCharacter 


./abst.tex:22: Package inputenc Error: Unicode character æ¾¤ (U+6FA4)
(inputenc)                not set up for use with LaTeX.

See the inputenc package documentation for explanation.
Type  H <return>  for immediate help.
 ...                                              
                                                  
l.22 ...äººãƒ»æ£®å·è‹±ç¥ãƒ»æ™‚å²¡ã€€é§¿ãƒ»ä¸‰æ¾¤
                                                  ã€€é¼ãƒ»æ°¸å°¾æ¬¡éƒï¼ˆæ°...
You may provide a definition with
\DeclareUnicodeCharacter 


./abst.tex:22: Package inputenc Error: Unicode character ã€€ (U+3000)
(inputenc)                not set up for use with LaTeX.

See the inputenc package documentation for explanation.
Type  H <return>  for immediate help.
 ...                                              
                                                  
l.22 ...ãƒ»æ£®å·è‹±ç¥ãƒ»æ™‚å²¡ã€€é§¿ãƒ»ä¸‰æ¾¤ã€€
                                                  é¼ãƒ»æ°¸å°¾æ¬¡éƒï¼ˆæ°´ç”...
You may provide a definition with
\DeclareUnicodeCharacter 


./abst.tex:22: Package inputenc Error: Unicode character é¼ (U+907C)
(inputenc)                not set up for use with LaTeX.

See the inputenc package documentation for explanation.
Type  H <return>  for immediate help.
 ...                                              
                                                  
l.22 ...æ£®å·è‹±ç¥ãƒ»æ™‚å²¡ã€€é§¿ãƒ»ä¸‰æ¾¤ã€€é¼
                                                  ãƒ»æ°¸å°¾æ¬¡éƒï¼ˆæ°´ç”£æ©...
You may provide a definition with
\DeclareUnicodeCharacter 


./abst.tex:22: Package inputenc Error: Unicode character ãƒ» (U+30FB)
(inputenc)                not set up for use with LaTeX.

See the inputenc package documentation for explanation.
Type  H <return>  for immediate help.
 ...                                              
                                                  
l.22 ...å·è‹±ç¥ãƒ»æ™‚å²¡ã€€é§¿ãƒ»ä¸‰æ¾¤ã€€é¼ãƒ»
                                                  æ°¸å°¾æ¬¡éƒï¼ˆæ°´ç”£æ©Ÿæ§...
You may provide a definition with
\DeclareUnicodeCharacter 


./abst.tex:22: Package inputenc Error: Unicode character æ°¸ (U+6C38)
(inputenc)                not set up for use with LaTeX.

See the inputenc package documentation for explanation.
Type  H <return>  for immediate help.
 ...                                              
                                                  
l.22 ...è‹±ç¥ãƒ»æ™‚å²¡ã€€é§¿ãƒ»ä¸‰æ¾¤ã€€é¼ãƒ»æ°¸
                                                  å°¾æ¬¡éƒï¼ˆæ°´ç”£æ©Ÿæ§‹è³...
You may provide a definition with
\DeclareUnicodeCharacter 


./abst.tex:22: Package inputenc Error: Unicode character å°¾ (U+5C3E)
(inputenc)                not set up for use with LaTeX.

See the inputenc package documentation for explanation.
Type  H <return>  for immediate help.
 ...                                              
                                                  
l.22 ...ç¥ãƒ»æ™‚å²¡ã€€é§¿ãƒ»ä¸‰æ¾¤ã€€é¼ãƒ»æ°¸å°¾
                                                  æ¬¡éƒï¼ˆæ°´ç”£æ©Ÿæ§‹è³‡æº...
You may provide a definition with
\DeclareUnicodeCharacter 


./abst.tex:22: Package inputenc Error: Unicode character æ¬¡ (U+6B21)
(inputenc)                not set up for use with LaTeX.

See the inputenc package documentation for explanation.
Type  H <return>  for immediate help.
 ...                                              
                                                  
l.22 ...ãƒ»æ™‚å²¡ã€€é§¿ãƒ»ä¸‰æ¾¤ã€€é¼ãƒ»æ°¸å°¾æ¬¡
                                                  éƒï¼ˆæ°´ç”£æ©Ÿæ§‹è³‡æºç ...
You may provide a definition with
\DeclareUnicodeCharacter 


./abst.tex:22: Package inputenc Error: Unicode character éƒ (U+90CE)
(inputenc)                not set up for use with LaTeX.

See the inputenc package documentation for explanation.
Type  H <return>  for immediate help.
 ...                                              
                                                  
l.22 ...æ™‚å²¡ã€€é§¿ãƒ»ä¸‰æ¾¤ã€€é¼ãƒ»æ°¸å°¾æ¬¡éƒ
                                                  ï¼ˆæ°´ç”£æ©Ÿæ§‹è³‡æºç ”ï¼‰
You may provide a definition with
\DeclareUnicodeCharacter 


./abst.tex:22: Package inputenc Error: Unicode character ï¼ˆ (U+FF08)
(inputenc)                not set up for use with LaTeX.

See the inputenc package documentation for explanation.
Type  H <return>  for immediate help.
 ...                                              
                                                  
l.22 ...å²¡ã€€é§¿ãƒ»ä¸‰æ¾¤ã€€é¼ãƒ»æ°¸å°¾æ¬¡éƒï¼ˆ
                                                  æ°´ç”£æ©Ÿæ§‹è³‡æºç ”ï¼‰
You may provide a definition with
\DeclareUnicodeCharacter 


./abst.tex:22: Package inputenc Error: Unicode character æ°´ (U+6C34)
(inputenc)                not set up for use with LaTeX.

See the inputenc package documentation for explanation.
Type  H <return>  for immediate help.
 ...                                              
                                                  
l.22 ...ã€€é§¿ãƒ»ä¸‰æ¾¤ã€€é¼ãƒ»æ°¸å°¾æ¬¡éƒï¼ˆæ°´
                                                  ç”£æ©Ÿæ§‹è³‡æºç ”ï¼‰
You may provide a definition with
\DeclareUnicodeCharacter 


./abst.tex:22: Package inputenc Error: Unicode character ç”£ (U+7523)
(inputenc)                not set up for use with LaTeX.

See the inputenc package documentation for explanation.
Type  H <return>  for immediate help.
 ...                                              
                                                  
l.22 ...é§¿ãƒ»ä¸‰æ¾¤ã€€é¼ãƒ»æ°¸å°¾æ¬¡éƒï¼ˆæ°´ç”£
                                                  æ©Ÿæ§‹è³‡æºç ”ï¼‰
You may provide a definition with
\DeclareUnicodeCharacter 


./abst.tex:22: Package inputenc Error: Unicode character æ©Ÿ (U+6A5F)
(inputenc)                not set up for use with LaTeX.

See the inputenc package documentation for explanation.
Type  H <return>  for immediate help.
 ...                                              
                                                  
l.22 ...ãƒ»ä¸‰æ¾¤ã€€é¼ãƒ»æ°¸å°¾æ¬¡éƒï¼ˆæ°´ç”£æ©Ÿ
                                                  æ§‹è³‡æºç ”ï¼‰
You may provide a definition with
\DeclareUnicodeCharacter 


./abst.tex:22: Package inputenc Error: Unicode character æ§‹ (U+69CB)
(inputenc)                not set up for use with LaTeX.

See the inputenc package documentation for explanation.
Type  H <return>  for immediate help.
 ...                                              
                                                  
l.22 ...ä¸‰æ¾¤ã€€é¼ãƒ»æ°¸å°¾æ¬¡éƒï¼ˆæ°´ç”£æ©Ÿæ§‹
                                                  è³‡æºç ”ï¼‰
You may provide a definition with
\DeclareUnicodeCharacter 


./abst.tex:22: Package inputenc Error: Unicode character è³‡ (U+8CC7)
(inputenc)                not set up for use with LaTeX.

See the inputenc package documentation for explanation.
Type  H <return>  for immediate help.
 ...                                              
                                                  
l.22 ...æ¾¤ã€€é¼ãƒ»æ°¸å°¾æ¬¡éƒï¼ˆæ°´ç”£æ©Ÿæ§‹è³‡
                                                  æºç ”ï¼‰
You may provide a definition with
\DeclareUnicodeCharacter 


./abst.tex:22: Package inputenc Error: Unicode character æº (U+6E90)
(inputenc)                not set up for use with LaTeX.

See the inputenc package documentation for explanation.
Type  H <return>  for immediate help.
 ...                                              
                                                  
l.22 ...ã€€é¼ãƒ»æ°¸å°¾æ¬¡éƒï¼ˆæ°´ç”£æ©Ÿæ§‹è³‡æº
                                                  ç ”ï¼‰
You may provide a definition with
\DeclareUnicodeCharacter 


./abst.tex:22: Package inputenc Error: Unicode character ç ” (U+7814)
(inputenc)                not set up for use with LaTeX.

See the inputenc package documentation for explanation.
Type  H <return>  for immediate help.
 ...                                              
                                                  
l.22 ...é¼ãƒ»æ°¸å°¾æ¬¡éƒï¼ˆæ°´ç”£æ©Ÿæ§‹è³‡æºç ”
                                                  ï¼‰
You may provide a definition with
\DeclareUnicodeCharacter 


./abst.tex:22: Package inputenc Error: Unicode character ï¼‰ (U+FF09)
(inputenc)                not set up for use with LaTeX.

See the inputenc package documentation for explanation.
Type  H <return>  for immediate help.
 ...                                              
                                                  
l.22 ...ãƒ»æ°¸å°¾æ¬¡éƒï¼ˆæ°´ç”£æ©Ÿæ§‹è³‡æºç ”ï¼‰
                                                  
You may provide a definition with
\DeclareUnicodeCharacter 


./abst.tex:23: LaTeX Error: There's no line here to end.

See the LaTeX manual or LaTeX Companion for explanation.
Type  H <return>  for immediate help.
 ...                                              
                                                  
l.23 }\\
        
Your command was ignored.
Type  I <command> <return>  to replace it with another command,
or  <return>  to continue without it.


./abst.tex:26: Package inputenc Error: Unicode character èƒŒ (U+80CC)
(inputenc)                not set up for use with LaTeX.

See the inputenc package documentation for explanation.
Type  H <return>  for immediate help.
 ...                                              
                                                  
l.26 \flushleft{\textbf{èƒŒæ™¯ã¨ç›®çš„}
                                        \\}
You may provide a definition with
\DeclareUnicodeCharacter 


./abst.tex:26: Package inputenc Error: Unicode character æ™¯ (U+666F)
(inputenc)                not set up for use with LaTeX.

See the inputenc package documentation for explanation.
Type  H <return>  for immediate help.
 ...                                              
                                                  
l.26 \flushleft{\textbf{èƒŒæ™¯ã¨ç›®çš„}
                                        \\}
You may provide a definition with
\DeclareUnicodeCharacter 


./abst.tex:26: Package inputenc Error: Unicode character ã¨ (U+3068)
(inputenc)                not set up for use with LaTeX.

See the inputenc package documentation for explanation.
Type  H <return>  for immediate help.
 ...                                              
                                                  
l.26 \flushleft{\textbf{èƒŒæ™¯ã¨ç›®çš„}
                                        \\}
You may provide a definition with
\DeclareUnicodeCharacter 


./abst.tex:26: Package inputenc Error: Unicode character ç›® (U+76EE)
(inputenc)                not set up for use with LaTeX.

See the inputenc package documentation for explanation.
Type  H <return>  for immediate help.
 ...                                              
                                                  
l.26 \flushleft{\textbf{èƒŒæ™¯ã¨ç›®çš„}
                                        \\}
You may provide a definition with
\DeclareUnicodeCharacter 


./abst.tex:26: Package inputenc Error: Unicode character çš„ (U+7684)
(inputenc)                not set up for use with LaTeX.

See the inputenc package documentation for explanation.
Type  H <return>  for immediate help.
 ...                                              
                                                  
l.26 \flushleft{\textbf{èƒŒæ™¯ã¨ç›®çš„}
                                        \\}
You may provide a definition with
\DeclareUnicodeCharacter 


./abst.tex:27: Package inputenc Error: Unicode character å›½ (U+56FD)
(inputenc)                not set up for use with LaTeX.

See the inputenc package documentation for explanation.
Type  H <return>  for immediate help.
 ...                                              
                                                  
l.27 å›½
        é€£æµ·æ´‹æ³•æ¡ç´„ã§ã¯ï¼Œæ‰¹å‡†å›½ã¯é ˜æµ·å†…ã®æ°´ç”£è³‡æºã‚’é...
You may provide a definition with
\DeclareUnicodeCharacter 


./abst.tex:27: Package inputenc Error: Unicode character é€£ (U+9023)
(inputenc)                not set up for use with LaTeX.

See the inputenc package documentation for explanation.
Type  H <return>  for immediate help.
 ...                                              
                                                  
l.27 å›½é€£
           æµ·æ´‹æ³•æ¡ç´„ã§ã¯ï¼Œæ‰¹å‡†å›½ã¯é ˜æµ·å†…ã®æ°´ç”£è³‡æºã‚’é...
You may provide a definition with
\DeclareUnicodeCharacter 


./abst.tex:27: Package inputenc Error: Unicode character æµ· (U+6D77)
(inputenc)                not set up for use with LaTeX.

See the inputenc package documentation for explanation.
Type  H <return>  for immediate help.
 ...                                              
                                                  
l.27 å›½é€£æµ·
              æ´‹æ³•æ¡ç´„ã§ã¯ï¼Œæ‰¹å‡†å›½ã¯é ˜æµ·å†…ã®æ°´ç”£è³‡æºã‚’é...
You may provide a definition with
\DeclareUnicodeCharacter 


./abst.tex:27: Package inputenc Error: Unicode character æ´‹ (U+6D0B)
(inputenc)                not set up for use with LaTeX.

See the inputenc package documentation for explanation.
Type  H <return>  for immediate help.
 ...                                              
                                                  
l.27 å›½é€£æµ·æ´‹
                 æ³•æ¡ç´„ã§ã¯ï¼Œæ‰¹å‡†å›½ã¯é ˜æµ·å†…ã®æ°´ç”£è³‡æºã‚’é...
You may provide a definition with
\DeclareUnicodeCharacter 


./abst.tex:27: Package inputenc Error: Unicode character æ³• (U+6CD5)
(inputenc)                not set up for use with LaTeX.

See the inputenc package documentation for explanation.
Type  H <return>  for immediate help.
 ...                                              
                                                  
l.27 å›½é€£æµ·æ´‹æ³•
                    æ¡ç´„ã§ã¯ï¼Œæ‰¹å‡†å›½ã¯é ˜æµ·å†…ã®æ°´ç”£è³‡æºã‚’é...
You may provide a definition with
\DeclareUnicodeCharacter 


./abst.tex:27: Package inputenc Error: Unicode character æ¡ (U+6761)
(inputenc)                not set up for use with LaTeX.

See the inputenc package documentation for explanation.
Type  H <return>  for immediate help.
 ...                                              
                                                  
l.27 å›½é€£æµ·æ´‹æ³•æ¡
                       ç´„ã§ã¯ï¼Œæ‰¹å‡†å›½ã¯é ˜æµ·å†…ã®æ°´ç”£è³‡æºã‚’é...
You may provide a definition with
\DeclareUnicodeCharacter 


./abst.tex:27: Package inputenc Error: Unicode character ç´„ (U+7D04)
(inputenc)                not set up for use with LaTeX.

See the inputenc package documentation for explanation.
Type  H <return>  for immediate help.
 ...                                              
                                                  
l.27 å›½é€£æµ·æ´‹æ³•æ¡ç´„
                          ã§ã¯ï¼Œæ‰¹å‡†å›½ã¯é ˜æµ·å†…ã®æ°´ç”£è³‡æºã‚’é...
You may provide a definition with
\DeclareUnicodeCharacter 


./abst.tex:27: Package inputenc Error: Unicode character ã§ (U+3067)
(inputenc)                not set up for use with LaTeX.

See the inputenc package documentation for explanation.
Type  H <return>  for immediate help.
 ...                                              
                                                  
l.27 å›½é€£æµ·æ´‹æ³•æ¡ç´„ã§
                             ã¯ï¼Œæ‰¹å‡†å›½ã¯é ˜æµ·å†…ã®æ°´ç”£è³‡æºã‚’é...
You may provide a definition with
\DeclareUnicodeCharacter 


./abst.tex:27: Package inputenc Error: Unicode character ã¯ (U+306F)
(inputenc)                not set up for use with LaTeX.

See the inputenc package documentation for explanation.
Type  H <return>  for immediate help.
 ...                                              
                                                  
l.27 å›½é€£æµ·æ´‹æ³•æ¡ç´„ã§ã¯
                                ï¼Œæ‰¹å‡†å›½ã¯é ˜æµ·å†…ã®æ°´ç”£è³‡æºã‚’é...
You may provide a definition with
\DeclareUnicodeCharacter 


./abst.tex:27: Package inputenc Error: Unicode character ï¼Œ (U+FF0C)
(inputenc)                not set up for use with LaTeX.

See the inputenc package documentation for explanation.
Type  H <return>  for immediate help.
 ...                                              
                                                  
l.27 å›½é€£æµ·æ´‹æ³•æ¡ç´„ã§ã¯ï¼Œ
                                   æ‰¹å‡†å›½ã¯é ˜æµ·å†…ã®æ°´ç”£è³‡æºã‚’é...
You may provide a definition with
\DeclareUnicodeCharacter 


./abst.tex:27: Package inputenc Error: Unicode character æ‰¹ (U+6279)
(inputenc)                not set up for use with LaTeX.

See the inputenc package documentation for explanation.
Type  H <return>  for immediate help.
 ...                                              
                                                  
l.27 å›½é€£æµ·æ´‹æ³•æ¡ç´„ã§ã¯ï¼Œæ‰¹
                                      å‡†å›½ã¯é ˜æµ·å†…ã®æ°´ç”£è³‡æºã‚’é...
You may provide a definition with
\DeclareUnicodeCharacter 


./abst.tex:27: Package inputenc Error: Unicode character å‡† (U+51C6)
(inputenc)                not set up for use with LaTeX.

See the inputenc package documentation for explanation.
Type  H <return>  for immediate help.
 ...                                              
                                                  
l.27 å›½é€£æµ·æ´‹æ³•æ¡ç´„ã§ã¯ï¼Œæ‰¹å‡†
                                         å›½ã¯é ˜æµ·å†…ã®æ°´ç”£è³‡æºã‚’é...
You may provide a definition with
\DeclareUnicodeCharacter 


./abst.tex:27: Package inputenc Error: Unicode character å›½ (U+56FD)
(inputenc)                not set up for use with LaTeX.

See the inputenc package documentation for explanation.
Type  H <return>  for immediate help.
 ...                                              
                                                  
l.27 å›½é€£æµ·æ´‹æ³•æ¡ç´„ã§ã¯ï¼Œæ‰¹å‡†å›½
                                            ã¯é ˜æµ·å†…ã®æ°´ç”£è³‡æºã‚’é...
You may provide a definition with
\DeclareUnicodeCharacter 


./abst.tex:27: Package inputenc Error: Unicode character ã¯ (U+306F)
(inputenc)                not set up for use with LaTeX.

See the inputenc package documentation for explanation.
Type  H <return>  for immediate help.
 ...                                              
                                                  
l.27 å›½é€£æµ·æ´‹æ³•æ¡ç´„ã§ã¯ï¼Œæ‰¹å‡†å›½ã¯
                                               é ˜æµ·å†…ã®æ°´ç”£è³‡æºã‚’é...
You may provide a definition with
\DeclareUnicodeCharacter 


./abst.tex:27: Package inputenc Error: Unicode character é ˜ (U+9818)
(inputenc)                not set up for use with LaTeX.

See the inputenc package documentation for explanation.
Type  H <return>  for immediate help.
 ...                                              
                                                  
l.27 å›½é€£æµ·æ´‹æ³•æ¡ç´„ã§ã¯ï¼Œæ‰¹å‡†å›½ã¯é ˜
                                                  æµ·å†…ã®æ°´ç”£è³‡æºã‚’é...
You may provide a definition with
\DeclareUnicodeCharacter 


./abst.tex:27: Package inputenc Error: Unicode character æµ· (U+6D77)
(inputenc)                not set up for use with LaTeX.

See the inputenc package documentation for explanation.
Type  H <return>  for immediate help.
 ...                                              
                                                  
l.27 ...æµ·æ´‹æ³•æ¡ç´„ã§ã¯ï¼Œæ‰¹å‡†å›½ã¯é ˜æµ·
                                                  å†…ã®æ°´ç”£è³‡æºã‚’é©åˆ...
You may provide a definition with
\DeclareUnicodeCharacter 


./abst.tex:27: Package inputenc Error: Unicode character å†… (U+5185)
(inputenc)                not set up for use with LaTeX.

See the inputenc package documentation for explanation.
Type  H <return>  for immediate help.
 ...                                              
                                                  
l.27 ...æ´‹æ³•æ¡ç´„ã§ã¯ï¼Œæ‰¹å‡†å›½ã¯é ˜æµ·å†…
                                                  ã®æ°´ç”£è³‡æºã‚’é©åˆ‡ã...
You may provide a definition with
\DeclareUnicodeCharacter 


./abst.tex:27: Package inputenc Error: Unicode character ã® (U+306E)
(inputenc)                not set up for use with LaTeX.

See the inputenc package documentation for explanation.
Type  H <return>  for immediate help.
 ...                                              
                                                  
l.27 ...æ³•æ¡ç´„ã§ã¯ï¼Œæ‰¹å‡†å›½ã¯é ˜æµ·å†…ã®
                                                  æ°´ç”£è³‡æºã‚’é©åˆ‡ã«ç®...
You may provide a definition with
\DeclareUnicodeCharacter 


./abst.tex:27: Package inputenc Error: Unicode character æ°´ (U+6C34)
(inputenc)                not set up for use with LaTeX.

See the inputenc package documentation for explanation.
Type  H <return>  for immediate help.
 ...                                              
                                                  
l.27 ...æ¡ç´„ã§ã¯ï¼Œæ‰¹å‡†å›½ã¯é ˜æµ·å†…ã®æ°´
                                                  ç”£è³‡æºã‚’é©åˆ‡ã«ç®¡ç...
You may provide a definition with
\DeclareUnicodeCharacter 


./abst.tex:27: Package inputenc Error: Unicode character ç”£ (U+7523)
(inputenc)                not set up for use with LaTeX.

See the inputenc package documentation for explanation.
Type  H <return>  for immediate help.
 ...                                              
                                                  
l.27 ...ç´„ã§ã¯ï¼Œæ‰¹å‡†å›½ã¯é ˜æµ·å†…ã®æ°´ç”£
                                                  è³‡æºã‚’é©åˆ‡ã«ç®¡ç†ã...
You may provide a definition with
\DeclareUnicodeCharacter 


./abst.tex:27: Package inputenc Error: Unicode character è³‡ (U+8CC7)
(inputenc)                not set up for use with LaTeX.

See the inputenc package documentation for explanation.
Type  H <return>  for immediate help.
 ...                                              
                                                  
l.27 ...ã§ã¯ï¼Œæ‰¹å‡†å›½ã¯é ˜æµ·å†…ã®æ°´ç”£è³‡
                                                  æºã‚’é©åˆ‡ã«ç®¡ç†ã™ã‚...
You may provide a definition with
\DeclareUnicodeCharacter 


./abst.tex:27: Package inputenc Error: Unicode character æº (U+6E90)
(inputenc)                not set up for use with LaTeX.

See the inputenc package documentation for explanation.
Type  H <return>  for immediate help.
 ...                                              
                                                  
l.27 ...ã¯ï¼Œæ‰¹å‡†å›½ã¯é ˜æµ·å†…ã®æ°´ç”£è³‡æº
                                                  ã‚’é©åˆ‡ã«ç®¡ç†ã™ã‚‹ã...
You may provide a definition with
\DeclareUnicodeCharacter 


./abst.tex:27: Package inputenc Error: Unicode character ã‚’ (U+3092)
(inputenc)                not set up for use with LaTeX.

See the inputenc package documentation for explanation.
Type  H <return>  for immediate help.
 ...                                              
                                                  
l.27 ...ï¼Œæ‰¹å‡†å›½ã¯é ˜æµ·å†…ã®æ°´ç”£è³‡æºã‚’
                                                  é©åˆ‡ã«ç®¡ç†ã™ã‚‹ã“ã...
You may provide a definition with
\DeclareUnicodeCharacter 


./abst.tex:27: Package inputenc Error: Unicode character é© (U+9069)
(inputenc)                not set up for use with LaTeX.

See the inputenc package documentation for explanation.
Type  H <return>  for immediate help.
 ...                                              
                                                  
l.27 ...æ‰¹å‡†å›½ã¯é ˜æµ·å†…ã®æ°´ç”£è³‡æºã‚’é©
                                                  åˆ‡ã«ç®¡ç†ã™ã‚‹ã“ã¨ã...
You may provide a definition with
\DeclareUnicodeCharacter 


./abst.tex:27: Package inputenc Error: Unicode character åˆ‡ (U+5207)
(inputenc)                not set up for use with LaTeX.

See the inputenc package documentation for explanation.
Type  H <return>  for immediate help.
 ...                                              
                                                  
l.27 ...å‡†å›½ã¯é ˜æµ·å†…ã®æ°´ç”£è³‡æºã‚’é©åˆ‡
                                                  ã«ç®¡ç†ã™ã‚‹ã“ã¨ãŒç¾...
You may provide a definition with
\DeclareUnicodeCharacter 


./abst.tex:27: Package inputenc Error: Unicode character ã« (U+306B)
(inputenc)                not set up for use with LaTeX.

See the inputenc package documentation for explanation.
Type  H <return>  for immediate help.
 ...                                              
                                                  
l.27 ...å›½ã¯é ˜æµ·å†…ã®æ°´ç”£è³‡æºã‚’é©åˆ‡ã«
                                                  ç®¡ç†ã™ã‚‹ã“ã¨ãŒç¾©å‹...
You may provide a definition with
\DeclareUnicodeCharacter 


./abst.tex:27: Package inputenc Error: Unicode character ç®¡ (U+7BA1)
(inputenc)                not set up for use with LaTeX.

See the inputenc package documentation for explanation.
Type  H <return>  for immediate help.
 ...                                              
                                                  
l.27 ...ã¯é ˜æµ·å†…ã®æ°´ç”£è³‡æºã‚’é©åˆ‡ã«ç®¡
                                                  ç†ã™ã‚‹ã“ã¨ãŒç¾©å‹™ä»...
You may provide a definition with
\DeclareUnicodeCharacter 


./abst.tex:27: Package inputenc Error: Unicode character ç† (U+7406)
(inputenc)                not set up for use with LaTeX.

See the inputenc package documentation for explanation.
Type  H <return>  for immediate help.
 ...                                              
                                                  
l.27 ...é ˜æµ·å†…ã®æ°´ç”£è³‡æºã‚’é©åˆ‡ã«ç®¡ç†
                                                  ã™ã‚‹ã“ã¨ãŒç¾©å‹™ä»˜ã...
You may provide a definition with
\DeclareUnicodeCharacter 


./abst.tex:27: Package inputenc Error: Unicode character ã™ (U+3059)
(inputenc)                not set up for use with LaTeX.

See the inputenc package documentation for explanation.
Type  H <return>  for immediate help.
 ...                                              
                                                  
l.27 ...æµ·å†…ã®æ°´ç”£è³‡æºã‚’é©åˆ‡ã«ç®¡ç†ã™
                                                  ã‚‹ã“ã¨ãŒç¾©å‹™ä»˜ã‘ã‚...
You may provide a definition with
\DeclareUnicodeCharacter 


./abst.tex:27: Package inputenc Error: Unicode character ã‚‹ (U+308B)
(inputenc)                not set up for use with LaTeX.

See the inputenc package documentation for explanation.
Type  H <return>  for immediate help.
 ...                                              
                                                  
l.27 ...å†…ã®æ°´ç”£è³‡æºã‚’é©åˆ‡ã«ç®¡ç†ã™ã‚‹
                                                  ã“ã¨ãŒç¾©å‹™ä»˜ã‘ã‚‰ã‚...
You may provide a definition with
\DeclareUnicodeCharacter 


./abst.tex:27: Package inputenc Error: Unicode character ã“ (U+3053)
(inputenc)                not set up for use with LaTeX.

See the inputenc package documentation for explanation.
Type  H <return>  for immediate help.
 ...                                              
                                                  
l.27 ...ã®æ°´ç”£è³‡æºã‚’é©åˆ‡ã«ç®¡ç†ã™ã‚‹ã“
                                                  ã¨ãŒç¾©å‹™ä»˜ã‘ã‚‰ã‚Œã...
You may provide a definition with
\DeclareUnicodeCharacter 


./abst.tex:27: Package inputenc Error: Unicode character ã¨ (U+3068)
(inputenc)                not set up for use with LaTeX.

See the inputenc package documentation for explanation.
Type  H <return>  for immediate help.
 ...                                              
                                                  
l.27 ...æ°´ç”£è³‡æºã‚’é©åˆ‡ã«ç®¡ç†ã™ã‚‹ã“ã¨
                                                  ãŒç¾©å‹™ä»˜ã‘ã‚‰ã‚Œã¦ã...
You may provide a definition with
\DeclareUnicodeCharacter 


./abst.tex:27: Package inputenc Error: Unicode character ãŒ (U+304C)
(inputenc)                not set up for use with LaTeX.

See the inputenc package documentation for explanation.
Type  H <return>  for immediate help.
 ...                                              
                                                  
l.27 ...ç”£è³‡æºã‚’é©åˆ‡ã«ç®¡ç†ã™ã‚‹ã“ã¨ãŒ
                                                  ç¾©å‹™ä»˜ã‘ã‚‰ã‚Œã¦ã„ã‚...
You may provide a definition with
\DeclareUnicodeCharacter 


./abst.tex:27: Package inputenc Error: Unicode character ç¾© (U+7FA9)
(inputenc)                not set up for use with LaTeX.

See the inputenc package documentation for explanation.
Type  H <return>  for immediate help.
 ...                                              
                                                  
l.27 ...è³‡æºã‚’é©åˆ‡ã«ç®¡ç†ã™ã‚‹ã“ã¨ãŒç¾©
                                                  å‹™ä»˜ã‘ã‚‰ã‚Œã¦ã„ã‚‹ï¼...
You may provide a definition with
\DeclareUnicodeCharacter 


./abst.tex:27: Package inputenc Error: Unicode character å‹™ (U+52D9)
(inputenc)                not set up for use with LaTeX.

See the inputenc package documentation for explanation.
Type  H <return>  for immediate help.
 ...                                              
                                                  
l.27 ...æºã‚’é©åˆ‡ã«ç®¡ç†ã™ã‚‹ã“ã¨ãŒç¾©å‹™
                                                  ä»˜ã‘ã‚‰ã‚Œã¦ã„ã‚‹ï¼æ°...
You may provide a definition with
\DeclareUnicodeCharacter 


./abst.tex:27: Package inputenc Error: Unicode character ä»˜ (U+4ED8)
(inputenc)                not set up for use with LaTeX.

See the inputenc package documentation for explanation.
Type  H <return>  for immediate help.
 ...                                              
                                                  
l.27 ...ã‚’é©åˆ‡ã«ç®¡ç†ã™ã‚‹ã“ã¨ãŒç¾©å‹™ä»˜
                                                  ã‘ã‚‰ã‚Œã¦ã„ã‚‹ï¼æ°´ç”...
You may provide a definition with
\DeclareUnicodeCharacter 


./abst.tex:27: Package inputenc Error: Unicode character ã‘ (U+3051)
(inputenc)                not set up for use with LaTeX.

See the inputenc package documentation for explanation.
Type  H <return>  for immediate help.
 ...                                              
                                                  
l.27 ...é©åˆ‡ã«ç®¡ç†ã™ã‚‹ã“ã¨ãŒç¾©å‹™ä»˜ã‘
                                                  ã‚‰ã‚Œã¦ã„ã‚‹ï¼æ°´ç”£ç ...
You may provide a definition with
\DeclareUnicodeCharacter 


./abst.tex:27: Package inputenc Error: Unicode character ã‚‰ (U+3089)
(inputenc)                not set up for use with LaTeX.

See the inputenc package documentation for explanation.
Type  H <return>  for immediate help.
 ...                                              
                                                  
l.27 ...åˆ‡ã«ç®¡ç†ã™ã‚‹ã“ã¨ãŒç¾©å‹™ä»˜ã‘ã‚‰
                                                  ã‚Œã¦ã„ã‚‹ï¼æ°´ç”£ç ”ç©...
You may provide a definition with
\DeclareUnicodeCharacter 


./abst.tex:27: Package inputenc Error: Unicode character ã‚Œ (U+308C)
(inputenc)                not set up for use with LaTeX.

See the inputenc package documentation for explanation.
Type  H <return>  for immediate help.
 ...                                              
                                                  
l.27 ...ã«ç®¡ç†ã™ã‚‹ã“ã¨ãŒç¾©å‹™ä»˜ã‘ã‚‰ã‚Œ
                                                  ã¦ã„ã‚‹ï¼æ°´ç”£ç ”ç©¶ãƒ...
You may provide a definition with
\DeclareUnicodeCharacter 


./abst.tex:27: Package inputenc Error: Unicode character ã¦ (U+3066)
(inputenc)                not set up for use with LaTeX.

See the inputenc package documentation for explanation.
Type  H <return>  for immediate help.
 ...                                              
                                                  
l.27 ...ç®¡ç†ã™ã‚‹ã“ã¨ãŒç¾©å‹™ä»˜ã‘ã‚‰ã‚Œã¦
                                                  ã„ã‚‹ï¼æ°´ç”£ç ”ç©¶ãƒ»æ•...
You may provide a definition with
\DeclareUnicodeCharacter 


./abst.tex:27: Package inputenc Error: Unicode character ã„ (U+3044)
(inputenc)                not set up for use with LaTeX.

See the inputenc package documentation for explanation.
Type  H <return>  for immediate help.
 ...                                              
                                                  
l.27 ...ç†ã™ã‚‹ã“ã¨ãŒç¾©å‹™ä»˜ã‘ã‚‰ã‚Œã¦ã„
                                                  ã‚‹ï¼æ°´ç”£ç ”ç©¶ãƒ»æ•™è‚...
You may provide a definition with
\DeclareUnicodeCharacter 


./abst.tex:27: Package inputenc Error: Unicode character ã‚‹ (U+308B)
(inputenc)                not set up for use with LaTeX.

See the inputenc package documentation for explanation.
Type  H <return>  for immediate help.
 ...                                              
                                                  
l.27 ...ã™ã‚‹ã“ã¨ãŒç¾©å‹™ä»˜ã‘ã‚‰ã‚Œã¦ã„ã‚‹
                                                  ï¼æ°´ç”£ç ”ç©¶ãƒ»æ•™è‚²æ©...
You may provide a definition with
\DeclareUnicodeCharacter 


./abst.tex:27: Package inputenc Error: Unicode character ï¼ (U+FF0E)
(inputenc)                not set up for use with LaTeX.

See the inputenc package documentation for explanation.
Type  H <return>  for immediate help.
 ...                                              
                                                  
l.27 ...ã‚‹ã“ã¨ãŒç¾©å‹™ä»˜ã‘ã‚‰ã‚Œã¦ã„ã‚‹ï¼
                                                  æ°´ç”£ç ”ç©¶ãƒ»æ•™è‚²æ©Ÿæ§...
You may provide a definition with
\DeclareUnicodeCharacter 


./abst.tex:27: Package inputenc Error: Unicode character æ°´ (U+6C34)
(inputenc)                not set up for use with LaTeX.

See the inputenc package documentation for explanation.
Type  H <return>  for immediate help.
 ...                                              
                                                  
l.27 ...ã“ã¨ãŒç¾©å‹™ä»˜ã‘ã‚‰ã‚Œã¦ã„ã‚‹ï¼æ°´
                                                  ç”£ç ”ç©¶ãƒ»æ•™è‚²æ©Ÿæ§‹ã...
You may provide a definition with
\DeclareUnicodeCharacter 


./abst.tex:27: Package inputenc Error: Unicode character ç”£ (U+7523)
(inputenc)                not set up for use with LaTeX.

See the inputenc package documentation for explanation.
Type  H <return>  for immediate help.
 ...                                              
                                                  
l.27 ...ã¨ãŒç¾©å‹™ä»˜ã‘ã‚‰ã‚Œã¦ã„ã‚‹ï¼æ°´ç”£
                                                  ç ”ç©¶ãƒ»æ•™è‚²æ©Ÿæ§‹ã§ã...
You may provide a definition with
\DeclareUnicodeCharacter 


./abst.tex:27: Package inputenc Error: Unicode character ç ” (U+7814)
(inputenc)                not set up for use with LaTeX.

See the inputenc package documentation for explanation.
Type  H <return>  for immediate help.
 ...                                              
                                                  
l.27 ...ãŒç¾©å‹™ä»˜ã‘ã‚‰ã‚Œã¦ã„ã‚‹ï¼æ°´ç”£ç ”
                                                  ç©¶ãƒ»æ•™è‚²æ©Ÿæ§‹ã§ã¯ï¼...
You may provide a definition with
\DeclareUnicodeCharacter 


./abst.tex:27: Package inputenc Error: Unicode character ç©¶ (U+7A76)
(inputenc)                not set up for use with LaTeX.

See the inputenc package documentation for explanation.
Type  H <return>  for immediate help.
 ...                                              
                                                  
l.27 ...ç¾©å‹™ä»˜ã‘ã‚‰ã‚Œã¦ã„ã‚‹ï¼æ°´ç”£ç ”ç©¶
                                                  ãƒ»æ•™è‚²æ©Ÿæ§‹ã§ã¯ï¼Œ19...
You may provide a definition with
\DeclareUnicodeCharacter 


./abst.tex:27: Package inputenc Error: Unicode character ãƒ» (U+30FB)
(inputenc)                not set up for use with LaTeX.

See the inputenc package documentation for explanation.
Type  H <return>  for immediate help.
 ...                                              
                                                  
l.27 ...å‹™ä»˜ã‘ã‚‰ã‚Œã¦ã„ã‚‹ï¼æ°´ç”£ç ”ç©¶ãƒ»
                                                  æ•™è‚²æ©Ÿæ§‹ã§ã¯ï¼Œ1995å...
You may provide a definition with
\DeclareUnicodeCharacter 


./abst.tex:27: Package inputenc Error: Unicode character æ•™ (U+6559)
(inputenc)                not set up for use with LaTeX.

See the inputenc package documentation for explanation.
Type  H <return>  for immediate help.
 ...                                              
                                                  
l.27 ...ä»˜ã‘ã‚‰ã‚Œã¦ã„ã‚‹ï¼æ°´ç”£ç ”ç©¶ãƒ»æ•™
                                                  è‚²æ©Ÿæ§‹ã§ã¯ï¼Œ1995å¹´ã...
You may provide a definition with
\DeclareUnicodeCharacter 


./abst.tex:27: Package inputenc Error: Unicode character è‚² (U+80B2)
(inputenc)                not set up for use with LaTeX.

See the inputenc package documentation for explanation.
Type  H <return>  for immediate help.
 ...                                              
                                                  
l.27 ...ã‘ã‚‰ã‚Œã¦ã„ã‚‹ï¼æ°´ç”£ç ”ç©¶ãƒ»æ•™è‚²
                                                  æ©Ÿæ§‹ã§ã¯ï¼Œ1995å¹´ã‹ã...
You may provide a definition with
\DeclareUnicodeCharacter 


./abst.tex:27: Package inputenc Error: Unicode character æ©Ÿ (U+6A5F)
(inputenc)                not set up for use with LaTeX.

See the inputenc package documentation for explanation.
Type  H <return>  for immediate help.
 ...                                              
                                                  
l.27 ...ã‚‰ã‚Œã¦ã„ã‚‹ï¼æ°´ç”£ç ”ç©¶ãƒ»æ•™è‚²æ©Ÿ
                                                  æ§‹ã§ã¯ï¼Œ1995å¹´ã‹ã‚‰æ...
You may provide a definition with
\DeclareUnicodeCharacter 


./abst.tex:27: Package inputenc Error: Unicode character æ§‹ (U+69CB)
(inputenc)                not set up for use with LaTeX.

See the inputenc package documentation for explanation.
Type  H <return>  for immediate help.
 ...                                              
                                                  
l.27 ...ã‚Œã¦ã„ã‚‹ï¼æ°´ç”£ç ”ç©¶ãƒ»æ•™è‚²æ©Ÿæ§‹
                                                  ã§ã¯ï¼Œ1995å¹´ã‹ã‚‰æ±å...
You may provide a definition with
\DeclareUnicodeCharacter 


./abst.tex:27: Package inputenc Error: Unicode character ã§ (U+3067)
(inputenc)                not set up for use with LaTeX.

See the inputenc package documentation for explanation.
Type  H <return>  for immediate help.
 ...                                              
                                                  
l.27 ...ã¦ã„ã‚‹ï¼æ°´ç”£ç ”ç©¶ãƒ»æ•™è‚²æ©Ÿæ§‹ã§
                                                  ã¯ï¼Œ1995å¹´ã‹ã‚‰æ±åŒ—å...
You may provide a definition with
\DeclareUnicodeCharacter 


./abst.tex:27: Package inputenc Error: Unicode character ã¯ (U+306F)
(inputenc)                not set up for use with LaTeX.

See the inputenc package documentation for explanation.
Type  H <return>  for immediate help.
 ...                                              
                                                  
l.27 ...ã„ã‚‹ï¼æ°´ç”£ç ”ç©¶ãƒ»æ•™è‚²æ©Ÿæ§‹ã§ã¯
                                                  ï¼Œ1995å¹´ã‹ã‚‰æ±åŒ—åœ°æ...
You may provide a definition with
\DeclareUnicodeCharacter 


./abst.tex:27: Package inputenc Error: Unicode character ï¼Œ (U+FF0C)
(inputenc)                not set up for use with LaTeX.

See the inputenc package documentation for explanation.
Type  H <return>  for immediate help.
 ...                                              
                                                  
l.27 ...ã‚‹ï¼æ°´ç”£ç ”ç©¶ãƒ»æ•™è‚²æ©Ÿæ§‹ã§ã¯ï¼Œ
                                                  1995å¹´ã‹ã‚‰æ±åŒ—åœ°æ–¹å...
You may provide a definition with
\DeclareUnicodeCharacter 


./abst.tex:27: Package inputenc Error: Unicode character å¹´ (U+5E74)
(inputenc)                not set up for use with LaTeX.

See the inputenc package documentation for explanation.
Type  H <return>  for immediate help.
 ...                                              
                                                  
l.27 ...°´ç”£ç ”ç©¶ãƒ»æ•™è‚²æ©Ÿæ§‹ã§ã¯ï¼Œ1995å¹´
                                                  ã‹ã‚‰æ±åŒ—åœ°æ–¹å¤ªå¹³æ´...
You may provide a definition with
\DeclareUnicodeCharacter 


./abst.tex:27: Package inputenc Error: Unicode character ã‹ (U+304B)
(inputenc)                not set up for use with LaTeX.

See the inputenc package documentation for explanation.
Type  H <return>  for immediate help.
 ...                                              
                                                  
l.27 ...”£ç ”ç©¶ãƒ»æ•™è‚²æ©Ÿæ§‹ã§ã¯ï¼Œ1995å¹´ã‹
                                                  ã‚‰æ±åŒ—åœ°æ–¹å¤ªå¹³æ´‹å²...
You may provide a definition with
\DeclareUnicodeCharacter 


./abst.tex:27: Package inputenc Error: Unicode character ã‚‰ (U+3089)
(inputenc)                not set up for use with LaTeX.

See the inputenc package documentation for explanation.
Type  H <return>  for immediate help.
 ...                                              
                                                  
l.27 ... ”ç©¶ãƒ»æ•™è‚²æ©Ÿæ§‹ã§ã¯ï¼Œ1995å¹´ã‹ã‚‰
                                                  æ±åŒ—åœ°æ–¹å¤ªå¹³æ´‹å²¸æ²...
You may provide a definition with
\DeclareUnicodeCharacter 


./abst.tex:27: Package inputenc Error: Unicode character æ± (U+6771)
(inputenc)                not set up for use with LaTeX.

See the inputenc package documentation for explanation.
Type  H <return>  for immediate help.
 ...                                              
                                                  
l.27 ...©¶ãƒ»æ•™è‚²æ©Ÿæ§‹ã§ã¯ï¼Œ1995å¹´ã‹ã‚‰æ±
                                                  åŒ—åœ°æ–¹å¤ªå¹³æ´‹å²¸æ²–ï¼...
You may provide a definition with
\DeclareUnicodeCharacter 


./abst.tex:27: Package inputenc Error: Unicode character åŒ— (U+5317)
(inputenc)                not set up for use with LaTeX.

See the inputenc package documentation for explanation.
Type  H <return>  for immediate help.
 ...                                              
                                                  
l.27 ...ƒ»æ•™è‚²æ©Ÿæ§‹ã§ã¯ï¼Œ1995å¹´ã‹ã‚‰æ±åŒ—
                                                  åœ°æ–¹å¤ªå¹³æ´‹å²¸æ²–ï¼ˆæ...
You may provide a definition with
\DeclareUnicodeCharacter 


./abst.tex:27: Package inputenc Error: Unicode character åœ° (U+5730)
(inputenc)                not set up for use with LaTeX.

See the inputenc package documentation for explanation.
Type  H <return>  for immediate help.
 ...                                              
                                                  
l.27 ...•™è‚²æ©Ÿæ§‹ã§ã¯ï¼Œ1995å¹´ã‹ã‚‰æ±åŒ—åœ°
                                                  æ–¹å¤ªå¹³æ´‹å²¸æ²–ï¼ˆæ±åŒ...
You may provide a definition with
\DeclareUnicodeCharacter 


./abst.tex:27: Package inputenc Error: Unicode character æ–¹ (U+65B9)
(inputenc)                not set up for use with LaTeX.

See the inputenc package documentation for explanation.
Type  H <return>  for immediate help.
 ...                                              
                                                  
l.27 ...‚²æ©Ÿæ§‹ã§ã¯ï¼Œ1995å¹´ã‹ã‚‰æ±åŒ—åœ°æ–¹
                                                  å¤ªå¹³æ´‹å²¸æ²–ï¼ˆæ±åŒ—æµ...
You may provide a definition with
\DeclareUnicodeCharacter 


./abst.tex:27: Package inputenc Error: Unicode character å¤ª (U+592A)
(inputenc)                not set up for use with LaTeX.

See the inputenc package documentation for explanation.
Type  H <return>  for immediate help.
 ...                                              
                                                  
l.27 ...©Ÿæ§‹ã§ã¯ï¼Œ1995å¹´ã‹ã‚‰æ±åŒ—åœ°æ–¹å¤ª
                                                  å¹³æ´‹å²¸æ²–ï¼ˆæ±åŒ—æµ·åŸ...
You may provide a definition with
\DeclareUnicodeCharacter 


./abst.tex:27: Package inputenc Error: Unicode character å¹³ (U+5E73)
(inputenc)                not set up for use with LaTeX.

See the inputenc package documentation for explanation.
Type  H <return>  for immediate help.
 ...                                              
                                                  
l.27 ...§‹ã§ã¯ï¼Œ1995å¹´ã‹ã‚‰æ±åŒ—åœ°æ–¹å¤ªå¹³
                                                  æ´‹å²¸æ²–ï¼ˆæ±åŒ—æµ·åŸŸï¼...
You may provide a definition with
\DeclareUnicodeCharacter 


./abst.tex:27: Package inputenc Error: Unicode character æ´‹ (U+6D0B)
(inputenc)                not set up for use with LaTeX.

See the inputenc package documentation for explanation.
Type  H <return>  for immediate help.
 ...                                              
                                                  
l.27 ...§ã¯ï¼Œ1995å¹´ã‹ã‚‰æ±åŒ—åœ°æ–¹å¤ªå¹³æ´‹
                                                  å²¸æ²–ï¼ˆæ±åŒ—æµ·åŸŸï¼‰ã...
You may provide a definition with
\DeclareUnicodeCharacter 


./abst.tex:27: Package inputenc Error: Unicode character å²¸ (U+5CB8)
(inputenc)                not set up for use with LaTeX.

See the inputenc package documentation for explanation.
Type  H <return>  for immediate help.
 ...                                              
                                                  
l.27 ...¯ï¼Œ1995å¹´ã‹ã‚‰æ±åŒ—åœ°æ–¹å¤ªå¹³æ´‹å²¸
                                                  æ²–ï¼ˆæ±åŒ—æµ·åŸŸï¼‰ã«ã...
You may provide a definition with
\DeclareUnicodeCharacter 


./abst.tex:27: Package inputenc Error: Unicode character æ²– (U+6C96)
(inputenc)                not set up for use with LaTeX.

See the inputenc package documentation for explanation.
Type  H <return>  for immediate help.
 ...                                              
                                                  
l.27 ...¼Œ1995å¹´ã‹ã‚‰æ±åŒ—åœ°æ–¹å¤ªå¹³æ´‹å²¸æ²–
                                                  ï¼ˆæ±åŒ—æµ·åŸŸï¼‰ã«ãŠã...
You may provide a definition with
\DeclareUnicodeCharacter 


./abst.tex:27: Package inputenc Error: Unicode character ï¼ˆ (U+FF08)
(inputenc)                not set up for use with LaTeX.

See the inputenc package documentation for explanation.
Type  H <return>  for immediate help.
 ...                                              
                                                  
l.27 ...995å¹´ã‹ã‚‰æ±åŒ—åœ°æ–¹å¤ªå¹³æ´‹å²¸æ²–ï¼ˆ
                                                  æ±åŒ—æµ·åŸŸï¼‰ã«ãŠã„ã...
You may provide a definition with
\DeclareUnicodeCharacter 


./abst.tex:27: Package inputenc Error: Unicode character æ± (U+6771)
(inputenc)                not set up for use with LaTeX.

See the inputenc package documentation for explanation.
Type  H <return>  for immediate help.
 ...                                              
                                                  
l.27 ...å¹´ã‹ã‚‰æ±åŒ—åœ°æ–¹å¤ªå¹³æ´‹å²¸æ²–ï¼ˆæ±
                                                  åŒ—æµ·åŸŸï¼‰ã«ãŠã„ã¦åº...
You may provide a definition with
\DeclareUnicodeCharacter 


./abst.tex:27: Package inputenc Error: Unicode character åŒ— (U+5317)
(inputenc)                not set up for use with LaTeX.

See the inputenc package documentation for explanation.
Type  H <return>  for immediate help.
 ...                                              
                                                  
l.27 ...ã‹ã‚‰æ±åŒ—åœ°æ–¹å¤ªå¹³æ´‹å²¸æ²–ï¼ˆæ±åŒ—
                                                  æµ·åŸŸï¼‰ã«ãŠã„ã¦åº•é­...
You may provide a definition with
\DeclareUnicodeCharacter 


./abst.tex:27: Package inputenc Error: Unicode character æµ· (U+6D77)
(inputenc)                not set up for use with LaTeX.

See the inputenc package documentation for explanation.
Type  H <return>  for immediate help.
 ...                                              
                                                  
l.27 ...ã‚‰æ±åŒ—åœ°æ–¹å¤ªå¹³æ´‹å²¸æ²–ï¼ˆæ±åŒ—æµ·
                                                  åŸŸï¼‰ã«ãŠã„ã¦åº•é­šé¡...
You may provide a definition with
\DeclareUnicodeCharacter 


./abst.tex:27: Package inputenc Error: Unicode character åŸŸ (U+57DF)
(inputenc)                not set up for use with LaTeX.

See the inputenc package documentation for explanation.
Type  H <return>  for immediate help.
 ...                                              
                                                  
l.27 ...æ±åŒ—åœ°æ–¹å¤ªå¹³æ´‹å²¸æ²–ï¼ˆæ±åŒ—æµ·åŸŸ
                                                  ï¼‰ã«ãŠã„ã¦åº•é­šé¡ã...
You may provide a definition with
\DeclareUnicodeCharacter 


./abst.tex:27: Package inputenc Error: Unicode character ï¼‰ (U+FF09)
(inputenc)                not set up for use with LaTeX.

See the inputenc package documentation for explanation.
Type  H <return>  for immediate help.
 ...                                              
                                                  
l.27 ...åŒ—åœ°æ–¹å¤ªå¹³æ´‹å²¸æ²–ï¼ˆæ±åŒ—æµ·åŸŸï¼‰
                                                  ã«ãŠã„ã¦åº•é­šé¡ã®è³...
You may provide a definition with
\DeclareUnicodeCharacter 


./abst.tex:27: Package inputenc Error: Unicode character ã« (U+306B)
(inputenc)                not set up for use with LaTeX.

See the inputenc package documentation for explanation.
Type  H <return>  for immediate help.
 ...                                              
                                                  
l.27 ...åœ°æ–¹å¤ªå¹³æ´‹å²¸æ²–ï¼ˆæ±åŒ—æµ·åŸŸï¼‰ã«
                                                  ãŠã„ã¦åº•é­šé¡ã®è³‡æº...
You may provide a definition with
\DeclareUnicodeCharacter 


./abst.tex:27: Package inputenc Error: Unicode character ãŠ (U+304A)
(inputenc)                not set up for use with LaTeX.

See the inputenc package documentation for explanation.
Type  H <return>  for immediate help.
 ...                                              
                                                  
l.27 ...æ–¹å¤ªå¹³æ´‹å²¸æ²–ï¼ˆæ±åŒ—æµ·åŸŸï¼‰ã«ãŠ
                                                  ã„ã¦åº•é­šé¡ã®è³‡æºé‡...
You may provide a definition with
\DeclareUnicodeCharacter 


./abst.tex:27: Package inputenc Error: Unicode character ã„ (U+3044)
(inputenc)                not set up for use with LaTeX.

See the inputenc package documentation for explanation.
Type  H <return>  for immediate help.
 ...                                              
                                                  
l.27 ...å¤ªå¹³æ´‹å²¸æ²–ï¼ˆæ±åŒ—æµ·åŸŸï¼‰ã«ãŠã„
                                                  ã¦åº•é­šé¡ã®è³‡æºé‡èª...
You may provide a definition with
\DeclareUnicodeCharacter 


./abst.tex:27: Package inputenc Error: Unicode character ã¦ (U+3066)
(inputenc)                not set up for use with LaTeX.

See the inputenc package documentation for explanation.
Type  H <return>  for immediate help.
 ...                                              
                                                  
l.27 ...å¹³æ´‹å²¸æ²–ï¼ˆæ±åŒ—æµ·åŸŸï¼‰ã«ãŠã„ã¦
                                                  åº•é­šé¡ã®è³‡æºé‡èª¿æŸ...
You may provide a definition with
\DeclareUnicodeCharacter 


./abst.tex:27: Package inputenc Error: Unicode character åº• (U+5E95)
(inputenc)                not set up for use with LaTeX.

See the inputenc package documentation for explanation.
Type  H <return>  for immediate help.
 ...                                              
                                                  
l.27 ...æ´‹å²¸æ²–ï¼ˆæ±åŒ—æµ·åŸŸï¼‰ã«ãŠã„ã¦åº•
                                                  é­šé¡ã®è³‡æºé‡èª¿æŸ»ã‚...
You may provide a definition with
\DeclareUnicodeCharacter 


./abst.tex:27: Package inputenc Error: Unicode character é­š (U+9B5A)
(inputenc)                not set up for use with LaTeX.

See the inputenc package documentation for explanation.
Type  H <return>  for immediate help.
 ...                                              
                                                  
l.27 ...å²¸æ²–ï¼ˆæ±åŒ—æµ·åŸŸï¼‰ã«ãŠã„ã¦åº•é­š
                                                  é¡ã®è³‡æºé‡èª¿æŸ»ã‚’å®...
You may provide a definition with
\DeclareUnicodeCharacter 


./abst.tex:27: Package inputenc Error: Unicode character é¡ (U+985E)
(inputenc)                not set up for use with LaTeX.

See the inputenc package documentation for explanation.
Type  H <return>  for immediate help.
 ...                                              
                                                  
l.27 ...æ²–ï¼ˆæ±åŒ—æµ·åŸŸï¼‰ã«ãŠã„ã¦åº•é­šé¡
                                                  ã®è³‡æºé‡èª¿æŸ»ã‚’å®Ÿæ–...
You may provide a definition with
\DeclareUnicodeCharacter 


./abst.tex:27: Package inputenc Error: Unicode character ã® (U+306E)
(inputenc)                not set up for use with LaTeX.

See the inputenc package documentation for explanation.
Type  H <return>  for immediate help.
 ...                                              
                                                  
l.27 ...ï¼ˆæ±åŒ—æµ·åŸŸï¼‰ã«ãŠã„ã¦åº•é­šé¡ã®
                                                  è³‡æºé‡èª¿æŸ»ã‚’å®Ÿæ–½ã...
You may provide a definition with
\DeclareUnicodeCharacter 


./abst.tex:27: Package inputenc Error: Unicode character è³‡ (U+8CC7)
(inputenc)                not set up for use with LaTeX.

See the inputenc package documentation for explanation.
Type  H <return>  for immediate help.
 ...                                              
                                                  
l.27 ...æ±åŒ—æµ·åŸŸï¼‰ã«ãŠã„ã¦åº•é­šé¡ã®è³‡
                                                  æºé‡èª¿æŸ»ã‚’å®Ÿæ–½ã—ï¼...
You may provide a definition with
\DeclareUnicodeCharacter 


./abst.tex:27: Package inputenc Error: Unicode character æº (U+6E90)
(inputenc)                not set up for use with LaTeX.

See the inputenc package documentation for explanation.
Type  H <return>  for immediate help.
 ...                                              
                                                  
l.27 ...åŒ—æµ·åŸŸï¼‰ã«ãŠã„ã¦åº•é­šé¡ã®è³‡æº
                                                  é‡èª¿æŸ»ã‚’å®Ÿæ–½ã—ï¼Œä¸...
You may provide a definition with
\DeclareUnicodeCharacter 


./abst.tex:27: Package inputenc Error: Unicode character é‡ (U+91CF)
(inputenc)                not set up for use with LaTeX.

See the inputenc package documentation for explanation.
Type  H <return>  for immediate help.
 ...                                              
                                                  
l.27 ...æµ·åŸŸï¼‰ã«ãŠã„ã¦åº•é­šé¡ã®è³‡æºé‡
                                                  èª¿æŸ»ã‚’å®Ÿæ–½ã—ï¼Œä¸»è¦...
You may provide a definition with
\DeclareUnicodeCharacter 


./abst.tex:27: Package inputenc Error: Unicode character èª¿ (U+8ABF)
(inputenc)                not set up for use with LaTeX.

See the inputenc package documentation for explanation.
Type  H <return>  for immediate help.
 ...                                              
                                                  
l.27 ...åŸŸï¼‰ã«ãŠã„ã¦åº•é­šé¡ã®è³‡æºé‡èª¿
                                                  æŸ»ã‚’å®Ÿæ–½ã—ï¼Œä¸»è¦åº...
You may provide a definition with
\DeclareUnicodeCharacter 


./abst.tex:27: Package inputenc Error: Unicode character æŸ» (U+67FB)
(inputenc)                not set up for use with LaTeX.

See the inputenc package documentation for explanation.
Type  H <return>  for immediate help.
 ...                                              
                                                  
l.27 ...ï¼‰ã«ãŠã„ã¦åº•é­šé¡ã®è³‡æºé‡èª¿æŸ»
                                                  ã‚’å®Ÿæ–½ã—ï¼Œä¸»è¦åº•é­...
You may provide a definition with
\DeclareUnicodeCharacter 


./abst.tex:27: Package inputenc Error: Unicode character ã‚’ (U+3092)
(inputenc)                not set up for use with LaTeX.

See the inputenc package documentation for explanation.
Type  H <return>  for immediate help.
 ...                                              
                                                  
l.27 ...ã«ãŠã„ã¦åº•é­šé¡ã®è³‡æºé‡èª¿æŸ»ã‚’
                                                  å®Ÿæ–½ã—ï¼Œä¸»è¦åº•é­šé¡...
You may provide a definition with
\DeclareUnicodeCharacter 


./abst.tex:27: Package inputenc Error: Unicode character å®Ÿ (U+5B9F)
(inputenc)                not set up for use with LaTeX.

See the inputenc package documentation for explanation.
Type  H <return>  for immediate help.
 ...                                              
                                                  
l.27 ...ãŠã„ã¦åº•é­šé¡ã®è³‡æºé‡èª¿æŸ»ã‚’å®Ÿ
                                                  æ–½ã—ï¼Œä¸»è¦åº•é­šé¡ã...
You may provide a definition with
\DeclareUnicodeCharacter 


./abst.tex:27: Package inputenc Error: Unicode character æ–½ (U+65BD)
(inputenc)                not set up for use with LaTeX.

See the inputenc package documentation for explanation.
Type  H <return>  for immediate help.
 ...                                              
                                                  
l.27 ...ã„ã¦åº•é­šé¡ã®è³‡æºé‡èª¿æŸ»ã‚’å®Ÿæ–½
                                                  ã—ï¼Œä¸»è¦åº•é­šé¡ã®è³...
You may provide a definition with
\DeclareUnicodeCharacter 


./abst.tex:27: Package inputenc Error: Unicode character ã— (U+3057)
(inputenc)                not set up for use with LaTeX.

See the inputenc package documentation for explanation.
Type  H <return>  for immediate help.
 ...                                              
                                                  
l.27 ...ã¦åº•é­šé¡ã®è³‡æºé‡èª¿æŸ»ã‚’å®Ÿæ–½ã—
                                                  ï¼Œä¸»è¦åº•é­šé¡ã®è³‡æº...
You may provide a definition with
\DeclareUnicodeCharacter 


./abst.tex:27: Package inputenc Error: Unicode character ï¼Œ (U+FF0C)
(inputenc)                not set up for use with LaTeX.

See the inputenc package documentation for explanation.
Type  H <return>  for immediate help.
 ...                                              
                                                  
l.27 ...åº•é­šé¡ã®è³‡æºé‡èª¿æŸ»ã‚’å®Ÿæ–½ã—ï¼Œ
                                                  ä¸»è¦åº•é­šé¡ã®è³‡æºçŠ...
You may provide a definition with
\DeclareUnicodeCharacter 


./abst.tex:27: Package inputenc Error: Unicode character ä¸» (U+4E3B)
(inputenc)                not set up for use with LaTeX.

See the inputenc package documentation for explanation.
Type  H <return>  for immediate help.
 ...                                              
                                                  
l.27 ...é­šé¡ã®è³‡æºé‡èª¿æŸ»ã‚’å®Ÿæ–½ã—ï¼Œä¸»
                                                  è¦åº•é­šé¡ã®è³‡æºçŠ¶æ…...
You may provide a definition with
\DeclareUnicodeCharacter 


./abst.tex:27: Package inputenc Error: Unicode character è¦ (U+8981)
(inputenc)                not set up for use with LaTeX.

See the inputenc package documentation for explanation.
Type  H <return>  for immediate help.
 ...                                              
                                                  
l.27 ...é¡ã®è³‡æºé‡èª¿æŸ»ã‚’å®Ÿæ–½ã—ï¼Œä¸»è¦
                                                  åº•é­šé¡ã®è³‡æºçŠ¶æ…‹ã‚...
You may provide a definition with
\DeclareUnicodeCharacter 


./abst.tex:27: Package inputenc Error: Unicode character åº• (U+5E95)
(inputenc)                not set up for use with LaTeX.

See the inputenc package documentation for explanation.
Type  H <return>  for immediate help.
 ...                                              
                                                  
l.27 ...ã®è³‡æºé‡èª¿æŸ»ã‚’å®Ÿæ–½ã—ï¼Œä¸»è¦åº•
                                                  é­šé¡ã®è³‡æºçŠ¶æ…‹ã‚’èª...
You may provide a definition with
\DeclareUnicodeCharacter 


./abst.tex:27: Package inputenc Error: Unicode character é­š (U+9B5A)
(inputenc)                not set up for use with LaTeX.

See the inputenc package documentation for explanation.
Type  H <return>  for immediate help.
 ...                                              
                                                  
l.27 ...è³‡æºé‡èª¿æŸ»ã‚’å®Ÿæ–½ã—ï¼Œä¸»è¦åº•é­š
                                                  é¡ã®è³‡æºçŠ¶æ…‹ã‚’èª¿æŸ...
You may provide a definition with
\DeclareUnicodeCharacter 


./abst.tex:27: Package inputenc Error: Unicode character é¡ (U+985E)
(inputenc)                not set up for use with LaTeX.

See the inputenc package documentation for explanation.
Type  H <return>  for immediate help.
 ...                                              
                                                  
l.27 ...æºé‡èª¿æŸ»ã‚’å®Ÿæ–½ã—ï¼Œä¸»è¦åº•é­šé¡
                                                  ã®è³‡æºçŠ¶æ…‹ã‚’èª¿æŸ»ã...
You may provide a definition with
\DeclareUnicodeCharacter 


./abst.tex:27: Package inputenc Error: Unicode character ã® (U+306E)
(inputenc)                not set up for use with LaTeX.

See the inputenc package documentation for explanation.
Type  H <return>  for immediate help.
 ...                                              
                                                  
l.27 ...é‡èª¿æŸ»ã‚’å®Ÿæ–½ã—ï¼Œä¸»è¦åº•é­šé¡ã®
                                                  è³‡æºçŠ¶æ…‹ã‚’èª¿æŸ»ã—ã...
You may provide a definition with
\DeclareUnicodeCharacter 


./abst.tex:27: Package inputenc Error: Unicode character è³‡ (U+8CC7)
(inputenc)                not set up for use with LaTeX.

See the inputenc package documentation for explanation.
Type  H <return>  for immediate help.
 ...                                              
                                                  
l.27 ...èª¿æŸ»ã‚’å®Ÿæ–½ã—ï¼Œä¸»è¦åº•é­šé¡ã®è³‡
                                                  æºçŠ¶æ…‹ã‚’èª¿æŸ»ã—ã¦ã...
You may provide a definition with
\DeclareUnicodeCharacter 


./abst.tex:27: Package inputenc Error: Unicode character æº (U+6E90)
(inputenc)                not set up for use with LaTeX.

See the inputenc package documentation for explanation.
Type  H <return>  for immediate help.
 ...                                              
                                                  
l.27 ...æŸ»ã‚’å®Ÿæ–½ã—ï¼Œä¸»è¦åº•é­šé¡ã®è³‡æº
                                                  çŠ¶æ…‹ã‚’èª¿æŸ»ã—ã¦ã„ã‚...
You may provide a definition with
\DeclareUnicodeCharacter 


./abst.tex:27: Package inputenc Error: Unicode character çŠ¶ (U+72B6)
(inputenc)                not set up for use with LaTeX.

See the inputenc package documentation for explanation.
Type  H <return>  for immediate help.
 ...                                              
                                                  
l.27 ...ã‚’å®Ÿæ–½ã—ï¼Œä¸»è¦åº•é­šé¡ã®è³‡æºçŠ¶
                                                  æ…‹ã‚’èª¿æŸ»ã—ã¦ã„ã‚‹ï¼...
(That makes 100 errors; please try again.) 
Here is how much of TeX's memory you used:
 2689 strings out of 492649
 38224 string characters out of 6129622
 104334 words of memory out of 5000000
 6537 multiletter control sequences out of 15000+600000
 5070 words of font info for 18 fonts, out of 8000000 for 9000
 1141 hyphenation exceptions out of 8191
 41i,1n,23p,632b,79s stack positions out of 5000i,500n,10000p,200000b,80000s

./abst.tex:27:  ==> Fatal error occurred, no output PDF file produced!
